<?xml version="1.0" encoding="UTF-8"?>
<testng-results total="1" passed="1" failed="0" skipped="0">
  <reporter-output>
  </reporter-output>
  <suite started-at="2022-08-31T20:02:45Z" name="Default suite" finished-at="2022-08-31T20:03:19Z" duration-ms="34416">
    <groups>
    </groups>
    <test started-at="2022-08-31T20:02:45Z" name="Default test" finished-at="2022-08-31T20:03:19Z" duration-ms="34416">
      <class name="testCases.FileUploadDemo2">
        <test-method is-config="true" signature="setup()[pri:0, instance:testCases.FileUploadDemo2@4eaf3684]" started-at="2022-08-31T22:02:45Z" name="setup" finished-at="2022-08-31T22:03:12Z" duration-ms="27609" status="PASS">
          <reporter-output>
          </reporter-output>
        </test-method> <!-- setup -->
        <test-method signature="robotTest()[pri:0, instance:testCases.FileUploadDemo2@4eaf3684]" started-at="2022-08-31T22:03:12Z" name="robotTest" finished-at="2022-08-31T22:03:18Z" duration-ms="5217" status="PASS">
          <reporter-output>
          </reporter-output>
        </test-method> <!-- robotTest -->
        <test-method is-config="true" signature="tearDown()[pri:0, instance:testCases.FileUploadDemo2@4eaf3684]" started-at="2022-08-31T22:03:18Z" name="tearDown" finished-at="2022-08-31T22:03:19Z" duration-ms="1560" status="PASS">
          <reporter-output>
          </reporter-output>
        </test-method> <!-- tearDown -->
      </class> <!-- testCases.FileUploadDemo2 -->
    </test> <!-- Default test -->
  </suite> <!-- Default suite -->
</testng-results>
